[0m21:52:00.868029 [debug] [MainThread]: Sending event: {'category': 'dbt', 'action': 'invocation', 'label': 'start', 'context': [<snowplow_tracker.self_describing_json.SelfDescribingJson object at 0x7efdfcb25010>, <snowplow_tracker.self_describing_json.SelfDescribingJson object at 0x7efdfdd69090>, <snowplow_tracker.self_describing_json.SelfDescribingJson object at 0x7efdfbc9bed0>]}


============================== 21:52:00.870600 | 270e9577-58dd-4d02-acc5-5da97cf2df20 ==============================
[0m21:52:00.870600 [info ] [MainThread]: Running with dbt=1.9.3
[0m21:52:00.870986 [debug] [MainThread]: running dbt with arguments {'printer_width': '80', 'indirect_selection': 'eager', 'log_cache_events': 'False', 'write_json': 'True', 'partial_parse': 'True', 'cache_selected_only': 'False', 'profiles_dir': '/home/yusuf/.dbt', 'debug': 'False', 'warn_error': 'None', 'log_path': 'logs', 'fail_fast': 'False', 'version_check': 'True', 'use_colors': 'True', 'use_experimental_parser': 'False', 'no_print': 'None', 'quiet': 'False', 'empty': 'None', 'warn_error_options': 'WarnErrorOptions(include=[], exclude=[])', 'invocation_command': 'dbt init', 'log_format': 'default', 'introspect': 'True', 'target_path': 'None', 'static_parser': 'True', 'send_anonymous_usage_stats': 'True'}
[0m21:52:04.408032 [debug] [MainThread]: Starter project path: /home/yusuf/portfolio/databricks-dbt/venv/lib/python3.13/site-packages/dbt/include/starter_project
[0m21:52:04.413181 [info ] [MainThread]: 
Your new dbt project "totesys" was created!

For more information on how to configure the profiles.yml file,
please consult the dbt documentation here:

  https://docs.getdbt.com/docs/configure-your-profile

One more thing:

Need help? Don't hesitate to reach out to us via GitHub issues or on Slack:

  https://community.getdbt.com/

Happy modeling!

[0m21:52:04.413547 [info ] [MainThread]: Setting up your profile.
[0m21:52:11.682132 [debug] [MainThread]: Resource report: {"command_name": "init", "command_success": true, "command_wall_clock_time": 11.782751, "process_in_blocks": "75800", "process_kernel_time": 0.123268, "process_mem_max_rss": "90696", "process_out_blocks": "64", "process_user_time": 0.772982}
[0m21:52:11.682598 [debug] [MainThread]: Command `dbt init` succeeded at 21:52:11.682504 after 11.78 seconds
[0m21:52:11.682878 [debug] [MainThread]: Sending event: {'category': 'dbt', 'action': 'invocation', 'label': 'end', 'context': [<snowplow_tracker.self_describing_json.SelfDescribingJson object at 0x7efdfbd0ce90>, <snowplow_tracker.self_describing_json.SelfDescribingJson object at 0x7efdfbb26570>, <snowplow_tracker.self_describing_json.SelfDescribingJson object at 0x7efdfbef3350>]}
[0m21:52:11.683166 [debug] [MainThread]: Flushing usage events
[0m21:52:12.036081 [debug] [MainThread]: An error was encountered while trying to flush usage events
[0m21:52:15.332845 [debug] [MainThread]: Sending event: {'category': 'dbt', 'action': 'invocation', 'label': 'start', 'context': [<snowplow_tracker.self_describing_json.SelfDescribingJson object at 0x7f81a1dbd010>, <snowplow_tracker.self_describing_json.SelfDescribingJson object at 0x7f81a31b9090>, <snowplow_tracker.self_describing_json.SelfDescribingJson object at 0x7f81a110bed0>]}


============================== 21:52:15.334957 | 328e5b7d-6c64-4c70-854e-32a10eaee7d4 ==============================
[0m21:52:15.334957 [info ] [MainThread]: Running with dbt=1.9.3
[0m21:52:15.335359 [debug] [MainThread]: running dbt with arguments {'printer_width': '80', 'indirect_selection': 'eager', 'write_json': 'True', 'log_cache_events': 'False', 'partial_parse': 'True', 'cache_selected_only': 'False', 'warn_error': 'None', 'debug': 'False', 'version_check': 'True', 'log_path': 'logs', 'profiles_dir': '/home/yusuf/.dbt', 'fail_fast': 'False', 'use_colors': 'True', 'use_experimental_parser': 'False', 'empty': 'None', 'quiet': 'False', 'no_print': 'None', 'warn_error_options': 'WarnErrorOptions(include=[], exclude=[])', 'invocation_command': 'dbt init', 'log_format': 'default', 'static_parser': 'True', 'target_path': 'None', 'introspect': 'True', 'send_anonymous_usage_stats': 'True'}
[0m21:52:26.808591 [debug] [MainThread]: Starter project path: /home/yusuf/portfolio/databricks-dbt/venv/lib/python3.13/site-packages/dbt/include/starter_project
[0m21:52:26.812923 [info ] [MainThread]: 
Your new dbt project "totesys_dbt" was created!

For more information on how to configure the profiles.yml file,
please consult the dbt documentation here:

  https://docs.getdbt.com/docs/configure-your-profile

One more thing:

Need help? Don't hesitate to reach out to us via GitHub issues or on Slack:

  https://community.getdbt.com/

Happy modeling!

[0m21:52:26.813275 [info ] [MainThread]: Setting up your profile.
[0m21:53:54.979676 [info ] [MainThread]: Profile totesys_dbt written to /home/yusuf/.dbt/profiles.yml using target's profile_template.yml and your supplied values. Run 'dbt debug' to validate the connection.
[0m21:53:54.980620 [debug] [MainThread]: Resource report: {"command_name": "init", "command_success": true, "command_wall_clock_time": 102.64544, "process_in_blocks": "10608", "process_kernel_time": 0.059741, "process_mem_max_rss": "94736", "process_out_blocks": "80", "process_user_time": 0.796558}
[0m21:53:54.980998 [debug] [MainThread]: Command `dbt init` succeeded at 21:53:54.980910 after 102.65 seconds
[0m21:53:54.981293 [debug] [MainThread]: Sending event: {'category': 'dbt', 'action': 'invocation', 'label': 'end', 'context': [<snowplow_tracker.self_describing_json.SelfDescribingJson object at 0x7f81a1183820>, <snowplow_tracker.self_describing_json.SelfDescribingJson object at 0x7f81a15eeb10>, <snowplow_tracker.self_describing_json.SelfDescribingJson object at 0x7f81a0f96030>]}
[0m21:53:54.981601 [debug] [MainThread]: Flushing usage events
[0m21:53:55.330684 [debug] [MainThread]: An error was encountered while trying to flush usage events
[0m21:55:00.056721 [debug] [MainThread]: Sending event: {'category': 'dbt', 'action': 'invocation', 'label': 'start', 'context': [<snowplow_tracker.self_describing_json.SelfDescribingJson object at 0x7f465c7ad010>, <snowplow_tracker.self_describing_json.SelfDescribingJson object at 0x7f465dbc5090>, <snowplow_tracker.self_describing_json.SelfDescribingJson object at 0x7f465bacfed0>]}


============================== 21:55:00.058695 | cb7f395f-b6cc-4483-8d34-12b39ebaedc9 ==============================
[0m21:55:00.058695 [info ] [MainThread]: Running with dbt=1.9.3
[0m21:55:00.059062 [debug] [MainThread]: running dbt with arguments {'printer_width': '80', 'indirect_selection': 'eager', 'write_json': 'True', 'log_cache_events': 'False', 'partial_parse': 'True', 'cache_selected_only': 'False', 'warn_error': 'None', 'version_check': 'True', 'debug': 'False', 'log_path': 'logs', 'fail_fast': 'False', 'profiles_dir': '/home/yusuf/.dbt', 'use_colors': 'True', 'use_experimental_parser': 'False', 'no_print': 'None', 'quiet': 'False', 'empty': 'False', 'log_format': 'default', 'introspect': 'True', 'warn_error_options': 'WarnErrorOptions(include=[], exclude=[])', 'static_parser': 'True', 'target_path': 'None', 'invocation_command': 'dbt run', 'send_anonymous_usage_stats': 'True'}
[0m21:55:00.059346 [error] [MainThread]: Encountered an error:
Runtime Error
  No dbt_project.yml found at expected path /home/yusuf/portfolio/databricks-dbt/dbt_project.yml
  Verify that each entry within packages.yml (and their transitive dependencies) contains a file named dbt_project.yml
  
[0m21:55:00.059882 [debug] [MainThread]: Resource report: {"command_name": "run", "command_success": false, "command_wall_clock_time": 0.040457595, "process_in_blocks": "0", "process_kernel_time": 0.048435, "process_mem_max_rss": "90212", "process_out_blocks": "8", "process_user_time": 0.755594}
[0m21:55:00.060158 [debug] [MainThread]: Command `dbt run` failed at 21:55:00.060092 after 0.04 seconds
[0m21:55:00.060365 [debug] [MainThread]: Sending event: {'category': 'dbt', 'action': 'invocation', 'label': 'end', 'context': [<snowplow_tracker.self_describing_json.SelfDescribingJson object at 0x7f465bd7ba80>, <snowplow_tracker.self_describing_json.SelfDescribingJson object at 0x7f465bbea330>, <snowplow_tracker.self_describing_json.SelfDescribingJson object at 0x7f465bd269c0>]}
[0m21:55:00.060595 [debug] [MainThread]: Flushing usage events
[0m21:55:00.401568 [debug] [MainThread]: An error was encountered while trying to flush usage events
